[LOG] System::create                           : Header version = 2.02.21. Current version = 2.02.21.
[LOG] Manager::init                            : maxchannels = 256 studioflags = 00000006 flags 00000000 extradriverdata 0000000000000000.
[LOG] SystemI::init                            : Initialize version=20221 (141420), maxchannels=256, flags=0x00020000
[LOG] SystemI::setOutputInternal               : Setting output to 'FMOD WASAPI Output'
[LOG] OutputWASAPI::init                       : Mix Format (WAVEFORMATEX): wFormatTag=0xFFFE, nChannels=2, nSamplesPerSec=48000, nAvgBytesPerSec=384000, nBlockAlign=8, wBitsPerSample=32, cbSize=22.
[LOG] OutputWASAPI::init                       : Mix Format (WAVEFORMATEXTENSIBLE): wValidBitsPerSample=32, dwChannelMask=0x00000003, SubFormat=00000003-0000-0010-8000-00AA00389B71.
[LOG] OutputWASAPI::init                       : Output buffer size: 4096 samples, latency: 0.00ms, period: 10.00ms, DSP buffer: 1024 * 4
[LOG] Thread::initThread                       : Init FMOD stream thread. Affinity: 0x4000000000000003, Priority: 0xFFFF7FFB, Stack Size: 98304, Semaphore: No, Sleep Time: 10, Looping: Yes.
[LOG] Thread::initThread                       : Init FMOD mixer thread. Affinity: 0x4000000000000001, Priority: 0xFFFF7FFA, Stack Size: 81920, Semaphore: No, Sleep Time: 0, Looping: Yes.
[LOG] AsyncManager::init                       : manager 0000017545F69D08 isAsync 0 updatePeriod 0.02
[LOG] AsyncManager::init                       : done
[LOG] PlaybackSystem::init                     : 
[LOG] Thread::initThread                       : Init FMOD Studio sample load thread. Affinity: 0x4000000000000003, Priority: 0xFFFF7FFD, Stack Size: 98304, Semaphore: No, Sleep Time: 1, Looping: No.
[LOG] PlaybackSystem::init                     : done
[LOG] Thread::initThread                       : Init FMOD Studio bank load thread. Affinity: 0x4000000000000003, Priority: 0xFFFF7FFD, Stack Size: 98304, Semaphore: No, Sleep Time: 1, Looping: No.
[LOG] Manager::init                            : done.
[LOG] Manager::readBank                        : fileversion = 142, compatVersion = 140 (oldest = 44, newest = 142)
[LOG] Manager::readBank                        : fileversion = 142, compatVersion = 140 (oldest = 44, newest = 142)
[LOG] Manager::readBank                        : fileversion = 142, compatVersion = 140 (oldest = 44, newest = 142)
[LOG] Manager::readBank                        : fileversion = 142, compatVersion = 140 (oldest = 44, newest = 142)
[LOG] PlaybackSystem::acquireMasterBus         : Setting master channel group format to 6
[LOG] Manager::readBank                        : fileversion = 142, compatVersion = 140 (oldest = 44, newest = 142)
[LOG] Manager::readBank                        : fileversion = 142, compatVersion = 140 (oldest = 44, newest = 142)
[LOG] Manager::readBank                        : fileversion = 142, compatVersion = 140 (oldest = 44, newest = 142)
[LOG] PlaybackSystem::acquireMasterBus         : Setting master channel group format to 6
[LOG] Manager::readBank                        : fileversion = 142, compatVersion = 140 (oldest = 44, newest = 142)
[LOG] Manager::readBank                        : fileversion = 142, compatVersion = 140 (oldest = 44, newest = 142)
[LOG] SystemI::createSoundInternal             : Create name='', mode=0x02000202
[LOG] SystemI::createSoundInternal             : exinfo->cbsize             = 224
[LOG] SystemI::createSoundInternal             : exinfo->length             = 2166112
[LOG] SystemI::createSoundInternal             : exinfo->fileoffset         = 4640
[LOG] SystemI::createSoundInternal             : exinfo->numsubsounds       = 1
[LOG] SystemI::createSoundInternal             : exinfo->inclusionlist      = 0000004E77DFF248
[LOG] SystemI::createSoundInternal             : exinfo->inclusionlistnum   = 1
[LOG] SystemI::createSoundInternal             : exinfo->suggestedsoundtype = 5
[LOG] SystemI::createSoundInternal             : exinfo->useropen           = 00007FFE45DF3F60
[LOG] SystemI::createSoundInternal             : exinfo->userclose          = 00007FFE45DF3F20
[LOG] SystemI::createSoundInternal             : exinfo->userread           = 00007FFE45DF4040
[LOG] SystemI::createSoundInternal             : exinfo->userseek           = 00007FFE45DF4100
[LOG] SystemI::createSoundInternal             : exinfo->fileuserdata       = 000001741B7468B8
[LOG] SystemI::createSoundInternal             : exinfo->initialseekpostype = 1
[LOG] SystemI::DSPCodecPoolRegister            : register codec pool for pool type 5
[LOG] SystemI::createSoundInternal             : Sample 0/1: name='stemps 2_5String BopBass Fingered', format=5, channels=2, frequency=48000, lengthbytes=499904, lengthpcm=3195250, pcmblocksize=0, loopstart=0, loopend=3167999, mode=0x00000000, channelmask=0x00000000, channelorder=0, peakvolume=0.569690.
[LOG] SystemI::createSoundInternal             : Create name='', mode=0x02000202
[LOG] SystemI::createSoundInternal             : exinfo->cbsize             = 224
[LOG] SystemI::createSoundInternal             : exinfo->length             = 2166112
[LOG] SystemI::createSoundInternal             : exinfo->fileoffset         = 4640
[LOG] SystemI::createSoundInternal             : exinfo->numsubsounds       = 1
[LOG] SystemI::createSoundInternal             : exinfo->inclusionlist      = 0000004E77DFF248
[LOG] SystemI::createSoundInternal             : exinfo->inclusionlistnum   = 1
[LOG] SystemI::createSoundInternal             : exinfo->suggestedsoundtype = 5
[LOG] SystemI::createSoundInternal             : exinfo->useropen           = 00007FFE45DF3F60
[LOG] SystemI::createSoundInternal             : exinfo->userclose          = 00007FFE45DF3F20
[LOG] SystemI::createSoundInternal             : exinfo->userread           = 00007FFE45DF4040
[LOG] SystemI::createSoundInternal             : exinfo->userseek           = 00007FFE45DF4100
[LOG] SystemI::createSoundInternal             : exinfo->fileuserdata       = 000001741B7468B8
[LOG] SystemI::createSoundInternal             : exinfo->initialseekpostype = 1
[LOG] SystemI::DSPCodecPoolRegister            : register codec pool for pool type 5
[LOG] SystemI::createSoundInternal             : Sample 0/1: name='stemps 2_Muted Strat 1', format=5, channels=2, frequency=48000, lengthbytes=581312, lengthpcm=3195250, pcmblocksize=0, loopstart=0, loopend=3167999, mode=0x00000000, channelmask=0x00000000, channelorder=0, peakvolume=0.948952.
[LOG] SystemI::createSoundInternal             : Create name='', mode=0x02000202
[LOG] SystemI::createSoundInternal             : exinfo->cbsize             = 224
[LOG] SystemI::createSoundInternal             : exinfo->length             = 2166112
[LOG] SystemI::createSoundInternal             : exinfo->fileoffset         = 4640
[LOG] SystemI::createSoundInternal             : exinfo->numsubsounds       = 1
[LOG] SystemI::createSoundInternal             : exinfo->inclusionlist      = 0000004E77DFF248
[LOG] SystemI::createSoundInternal             : exinfo->inclusionlistnum   = 1
[LOG] SystemI::createSoundInternal             : exinfo->suggestedsoundtype = 5
[LOG] SystemI::createSoundInternal             : exinfo->useropen           = 00007FFE45DF3F60
[LOG] SystemI::createSoundInternal             : exinfo->userclose          = 00007FFE45DF3F20
[LOG] SystemI::createSoundInternal             : exinfo->userread           = 00007FFE45DF4040
[LOG] SystemI::createSoundInternal             : exinfo->userseek           = 00007FFE45DF4100
[LOG] SystemI::createSoundInternal             : exinfo->fileuserdata       = 000001741B7468B8
[LOG] SystemI::createSoundInternal             : exinfo->initialseekpostype = 1
[LOG] SystemI::DSPCodecPoolRegister            : register codec pool for pool type 5
[LOG] SystemI::createSoundInternal             : Sample 0/1: name='stemps 2_sm64 vocal', format=5, channels=2, frequency=48000, lengthbytes=307680, lengthpcm=3195250, pcmblocksize=0, loopstart=0, loopend=3167999, mode=0x00000000, channelmask=0x00000000, channelorder=0, peakvolume=0.326013.
[LOG] SystemI::createSoundInternal             : Create name='', mode=0x02000202
[LOG] SystemI::createSoundInternal             : exinfo->cbsize             = 224
[LOG] SystemI::createSoundInternal             : exinfo->length             = 2166112
[LOG] SystemI::createSoundInternal             : exinfo->fileoffset         = 4640
[LOG] SystemI::createSoundInternal             : exinfo->numsubsounds       = 1
[LOG] SystemI::createSoundInternal             : exinfo->inclusionlist      = 0000004E77DFF248
[LOG] SystemI::createSoundInternal             : exinfo->inclusionlistnum   = 1
[LOG] SystemI::createSoundInternal             : exinfo->suggestedsoundtype = 5
[LOG] SystemI::createSoundInternal             : exinfo->useropen           = 00007FFE45DF3F60
[LOG] SystemI::createSoundInternal             : exinfo->userclose          = 00007FFE45DF3F20
[LOG] SystemI::createSoundInternal             : exinfo->userread           = 00007FFE45DF4040
[LOG] SystemI::createSoundInternal             : exinfo->userseek           = 00007FFE45DF4100
[LOG] SystemI::createSoundInternal             : exinfo->fileuserdata       = 000001741B7468B8
[LOG] SystemI::createSoundInternal             : exinfo->initialseekpostype = 1
[LOG] SystemI::DSPCodecPoolRegister            : register codec pool for pool type 5
[LOG] SystemI::createSoundInternal             : Sample 0/1: name='stemps 2_HQ Funk Kit', format=5, channels=2, frequency=48000, lengthbytes=774752, lengthpcm=3195250, pcmblocksize=0, loopstart=0, loopend=3167999, mode=0x00000000, channelmask=0x00000000, channelorder=0, peakvolume=0.852070.
[LOG] SoundI::release                          :  (000001743E51A8B8)
[LOG] SoundI::release                          :     stemps 2_5String BopBass Fingered (000001741BD63BE8)
[LOG] SoundI::release                          :  (000001743E51A468)
[LOG] SoundI::release                          :     stemps 2_sm64 vocal (00000173A78B1398)
[LOG] SoundI::release                          :  (000001743E519328)
[LOG] SoundI::release                          :     stemps 2_HQ Funk Kit (0000017418106D18)
[LOG] SoundI::release                          :  (000001743E518BF8)
[LOG] SoundI::release                          :     stemps 2_Muted Strat 1 (00000174733FA968)
[LOG] Thread::callback                         : FMOD Studio bank load thread finished.
[LOG] Thread::callback                         : FMOD Studio sample load thread finished.
[LOG] LiveUpdate::release                      : 
[LOG] LiveUpdate::reset                        : Reset connection (reason Disconnected)
[LOG] Thread::callback                         : FMOD stream thread finished.
[LOG] Thread::callback                         : FMOD mixer thread finished.
[LOG] SystemI::close                           : Closed.
